2020-09-20 15:01:43 - ERROR - ContainerError in /Users/ats/Desktop/Masonite/bms/bootstrap/start.py on line 38
2020-09-20 15:05:21 - ERROR - ContainerError in /Users/ats/Desktop/Masonite/bms/bootstrap/start.py on line 38
2020-09-20 15:49:51 - ERROR - ContainerError in /Users/ats/Desktop/Masonite/bms/bootstrap/start.py on line 38
2020-09-20 15:49:59 - ERROR - ContainerError in /Users/ats/Desktop/Masonite/bms/bootstrap/start.py on line 38
2020-09-20 15:50:09 - ERROR - ContainerError in /Users/ats/Desktop/Masonite/bms/bootstrap/start.py on line 38
2020-09-20 15:53:48 - ERROR - ContainerError in /Users/ats/Desktop/Masonite/bms/bootstrap/start.py on line 38
2020-09-20 15:54:28 - ERROR - ContainerError in /Users/ats/Desktop/Masonite/bms/bootstrap/start.py on line 38
2020-09-20 15:57:38 - ERROR - ModelNotFound in /Users/ats/Desktop/Masonite/bms/app/resources/CityWiseMovieResource.py on line 14
2020-09-20 16:59:09 - ERROR - QueryException in /Users/ats/Desktop/Masonite/bms/app/resources/CityWiseMovieResource.py on line 16
2020-09-20 17:01:41 - ERROR - QueryException in /Users/ats/Desktop/Masonite/bms/app/resources/CityWiseMovieResource.py on line 16
2020-09-20 17:02:04 - ERROR - ContainerError in /Users/ats/Desktop/Masonite/bms/bootstrap/start.py on line 38
2020-09-20 17:02:08 - ERROR - ContainerError in /Users/ats/Desktop/Masonite/bms/bootstrap/start.py on line 38
2020-09-20 17:03:38 - ERROR - ContainerError in /Users/ats/Desktop/Masonite/bms/bootstrap/start.py on line 38
2020-09-20 17:50:58 - ERROR - ContainerError in /Users/ats/Desktop/Masonite/bms/app/resources/BaseResourse.py on line 33
2020-09-20 17:55:04 - ERROR - ContainerError in /Users/ats/Desktop/Masonite/bms/app/resources/BaseResourse.py on line 33
2020-09-20 17:56:57 - ERROR - AttributeError in /Users/ats/Desktop/Masonite/bms/app/resources/MovieWiseTheaterResource.py on line 16
2020-09-20 17:57:13 - ERROR - ContainerError in /Users/ats/Desktop/Masonite/bms/bootstrap/start.py on line 38
2020-09-20 17:57:17 - ERROR - ContainerError in /Users/ats/Desktop/Masonite/bms/bootstrap/start.py on line 38
2020-09-20 17:57:32 - ERROR - ContainerError in /Users/ats/Desktop/Masonite/bms/bootstrap/start.py on line 38
2020-09-20 18:11:58 - ERROR - ValueError in /Users/ats/Desktop/Masonite/bms/bootstrap/start.py on line 38
2020-09-20 18:29:56 - ERROR - ContainerError in /Users/ats/Desktop/Masonite/bms/bootstrap/start.py on line 38
2020-09-20 18:30:26 - ERROR - ContainerError in /Users/ats/Desktop/Masonite/bms/bootstrap/start.py on line 38
2020-09-21 04:47:16 - ERROR - InvalidCSRFToken in /Users/ats/Desktop/Masonite/bms/bootstrap/start.py on line 38
2020-09-21 05:03:17 - ERROR - ArgumentError in /Users/ats/Desktop/Masonite/bms/app/resources/LoginResource.py on line 17
2020-09-21 05:32:16 - ERROR - RouteException in /Users/ats/Desktop/Masonite/bms/app/http/middleware/AuthenticationMiddleware.py on line 20
2020-09-21 05:32:44 - ERROR - RouteException in /Users/ats/Desktop/Masonite/bms/app/http/middleware/AuthenticationMiddleware.py on line 20
2020-09-21 05:32:52 - ERROR - RouteException in /Users/ats/Desktop/Masonite/bms/app/http/middleware/AuthenticationMiddleware.py on line 20
2020-09-21 05:43:22 - ERROR - RouteException in /Users/ats/Desktop/Masonite/bms/app/http/middleware/AuthenticationMiddleware.py on line 20
2020-09-21 05:43:41 - ERROR - KeyError in /Users/ats/Desktop/Masonite/bms/bootstrap/start.py on line 38
2020-09-21 05:50:54 - ERROR - InvalidToken in /Users/ats/Desktop/Masonite/bms/app/resources/UserBookingResource.py on line 28
2020-09-21 05:51:23 - ERROR - ModuleNotFoundError in /Users/ats/Desktop/Masonite/bms/app/http/middleware/LoadUserMiddleware.py on line 35
2020-09-21 05:53:13 - ERROR - InvalidToken in /Users/ats/Desktop/Masonite/bms/app/resources/UserBookingResource.py on line 28
2020-09-21 05:56:43 - ERROR - ModuleNotFoundError in /Users/ats/Desktop/Masonite/bms/app/http/middleware/LoadUserMiddleware.py on line 35
2020-09-21 05:56:52 - ERROR - ModuleNotFoundError in /Users/ats/Desktop/Masonite/bms/app/http/middleware/LoadUserMiddleware.py on line 35
2020-09-21 05:56:59 - ERROR - ModuleNotFoundError in /Users/ats/Desktop/Masonite/bms/app/http/middleware/LoadUserMiddleware.py on line 35
2020-09-21 06:17:57 - ERROR - RouteException in /Users/ats/Desktop/Masonite/bms/app/http/middleware/AuthenticationMiddleware.py on line 20
2020-09-21 06:22:22 - ERROR - RouteException in /Users/ats/Desktop/Masonite/bms/app/http/middleware/AuthenticationMiddleware.py on line 20
2020-09-21 06:22:40 - ERROR - ValueError in /Users/ats/Desktop/Masonite/bms/app/resources/UserBookingResource.py on line 32
2020-09-21 06:23:00 - ERROR - ModuleNotFoundError in /Users/ats/Desktop/Masonite/bms/app/http/middleware/LoadUserMiddleware.py on line 35
2020-09-21 06:24:40 - ERROR - ValueError in /Users/ats/Desktop/Masonite/bms/app/resources/UserBookingResource.py on line 32
2020-09-21 06:25:04 - ERROR - ModuleNotFoundError in /Users/ats/Desktop/Masonite/bms/app/http/middleware/LoadUserMiddleware.py on line 35
